[debug] [2023-04-03T14:08:29.053Z] ----------------------------------------------------------------------
[debug] [2023-04-03T14:08:29.056Z] Command:       /usr/bin/node /usr/bin/firebase init hosting
[debug] [2023-04-03T14:08:29.056Z] CLI Version:   11.25.2
[debug] [2023-04-03T14:08:29.056Z] Platform:      linux
[debug] [2023-04-03T14:08:29.056Z] Node Version:  v17.8.0
[debug] [2023-04-03T14:08:29.057Z] Time:          Mon Apr 03 2023 15:08:29 GMT+0100 (West Africa Standard Time)
[debug] [2023-04-03T14:08:29.057Z] ----------------------------------------------------------------------
[debug] 
[debug] [2023-04-03T14:08:29.064Z] > command requires scopes: ["email","openid","https://www.googleapis.com/auth/cloudplatformprojects.readonly","https://www.googleapis.com/auth/firebase","https://www.googleapis.com/auth/cloud-platform"]
[debug] [2023-04-03T14:08:29.064Z] > authorizing via signed-in user (joshuamayowa73@gmail.com)
[info] 
     ######## #### ########  ######## ########     ###     ######  ########
     ##        ##  ##     ## ##       ##     ##  ##   ##  ##       ##
     ######    ##  ########  ######   ########  #########  ######  ######
     ##        ##  ##    ##  ##       ##     ## ##     ##       ## ##
     ##       #### ##     ## ######## ########  ##     ##  ######  ########

You're about to initialize a Firebase project in this directory:

  /home/fajobi/My Projects/React/Incomplete/netflix-clone

[info] 
=== Project Setup
[info] 
[info] First, let's associate this project directory with a Firebase project.
[info] You can create multiple project aliases by running firebase use --add, 
[info] but for now we'll just set up a default project.
[info] 
[debug] [2023-04-03T14:08:35.920Z] >>> [apiv2][query] GET https://firebase.googleapis.com/v1beta1/projects pageSize=100
[debug] [2023-04-03T14:08:37.114Z] <<< [apiv2][status] GET https://firebase.googleapis.com/v1beta1/projects 200
[debug] [2023-04-03T14:08:37.114Z] <<< [apiv2][body] GET https://firebase.googleapis.com/v1beta1/projects [omitted]
[info] i  Using project netflix-clone-b0918 (netflix-clone) 
[info] 
=== Hosting Setup
[info] 
[info] Your public directory is the folder (relative to your project directory) that
[info] will contain Hosting assets to be uploaded with firebase deploy. If you
[info] have a build process for your assets, use your build's output directory.
[info] 
